<?xml version="1.0" encoding="UTF-8"?>
<!-- Generated by org.testng.reporters.JUnitXMLReporter -->
<testsuite hostname="DESKTOP-RJJ4QCA" ignored="1" name="RealDevice Test" tests="1" failures="0" timestamp="05 Jun 2018 05:44:43 GMT" time="391.774" errors="0">
  <testcase name="Activities" time="371.002" classname="com.weeschool.Users.WeeTunesAlbumTC_01"/>
  <testcase name="playAllSongsOfPlayFullBath" time="0.0" classname="com.weeschool.Users.WeeTunesAlbumTC_01">
    <ignored/>
  </testcase> <!-- playAllSongsOfPlayFullBath -->
</testsuite> <!-- RealDevice Test -->
