<?xml version="1.0" encoding="UTF-8"?>
<testsuite xmlns:xsi="http://www.w3.org/2001/XMLSchema-instance" xsi:noNamespaceSchemaLocation="https://maven.apache.org/surefire/maven-surefire-plugin/xsd/surefire-test-report.xsd" name="TestSuite" time="475.786" tests="4" errors="0" skipped="2" failures="1">
  <properties>
[...]
</properties>
  <testcase name="Activities" classname="com.weeschool.Users.WeeTunesAlbumTC_01" time="371.002"/>
  <testcase name="Activities" classname="com.weeschool.Users.WeeTunesAlbumTC_01" time="0">
    <skipped message="An unknown server-side error occurred while processing the command. Original error: Error occured while starting App. Original error: Error executing adbExec. Original error: &apos;Command &apos;C\:\\Users\\Qwinix\\android-sdks\\platform-tools\\adb.exe -P 5037 -s 4d00c2664d6851e9 shell am start -W -n io.appium.unlock/.Unlock -a android.intent.action.MAIN -c android.intent.category.LAUNCHER -f 0x10200000&apos; timed out after 20000ms&apos;; Stderr: &apos;&apos;; Code: &apos;null&apos; (WARNING: The server did not provide any stacktrace information)&#10;Command duration or timeout: 473.30 seconds&#10;Build info: version: &apos;3.6.0&apos;, revision: &apos;6fbf3ec767&apos;, time: &apos;2017-09-27T15:28:36.4Z&apos;&#10;System info: host: &apos;DESKTOP-RJJ4QCA&apos;, ip: &apos;192.168.146.2&apos;, os.name: &apos;Windows 10&apos;, os.arch: &apos;amd64&apos;, os.version: &apos;10.0&apos;, java.version: &apos;1.8.0_171&apos;&#10;Driver info: driver.version: AndroidDriver"/>
  </testcase>
  <testcase name="preSteps" classname="com.weeschool.Users.WeeTunesAlbumTC_01" time="455.934">
    <failure message="An unknown server-side error occurred while processing the command. Original error: Error occured while starting App. Original error: Error executing adbExec. Original error: &apos;Command &apos;C\:\\Users\\Qwinix\\android-sdks\\platform-tools\\adb.exe -P 5037 -s 4d00c2664d6851e9 shell am start -W -n io.appium.unlock/.Unlock -a android.intent.action.MAIN -c android.intent.category.LAUNCHER -f 0x10200000&apos; timed out after 20000ms&apos;; Stderr: &apos;&apos;; Code: &apos;null&apos; (WARNING: The server did not provide any stacktrace information)&#10;Command duration or timeout: 473.30 seconds&#10;Build info: version: &apos;3.6.0&apos;, revision: &apos;6fbf3ec767&apos;, time: &apos;2017-09-27T15:28:36.4Z&apos;&#10;System info: host: &apos;DESKTOP-RJJ4QCA&apos;, ip: &apos;192.168.146.2&apos;, os.name: &apos;Windows 10&apos;, os.arch: &apos;amd64&apos;, os.version: &apos;10.0&apos;, java.version: &apos;1.8.0_171&apos;&#10;Driver info: driver.version: AndroidDriver" type="org.openqa.selenium.WebDriverException">org.openqa.selenium.WebDriverException: 
An unknown server-side error occurred while processing the command. Original error: Error occured while starting App. Original error: Error executing adbExec. Original error: 'Command 'C\:\\Users\\Qwinix\\android-sdks\\platform-tools\\adb.exe -P 5037 -s 4d00c2664d6851e9 shell am start -W -n io.appium.unlock/.Unlock -a android.intent.action.MAIN -c android.intent.category.LAUNCHER -f 0x10200000' timed out after 20000ms'; Stderr: ''; Code: 'null' (WARNING: The server did not provide any stacktrace information)
Command duration or timeout: 473.30 seconds
Build info: version: '3.6.0', revision: '6fbf3ec767', time: '2017-09-27T15:28:36.4Z'
System info: host: 'DESKTOP-RJJ4QCA', ip: '192.168.146.2', os.name: 'Windows 10', os.arch: 'amd64', os.version: '10.0', java.version: '1.8.0_171'
Driver info: driver.version: AndroidDriver
</failure>
  </testcase>
  <testcase name="postSteps" classname="com.weeschool.Users.WeeTunesAlbumTC_01" time="0">
    <skipped/>
  </testcase>
</testsuite>